#
# There is insufficient memory for the Java Runtime Environment to continue.
# Native memory allocation (malloc) failed to allocate 1048576 bytes for AllocateHeap
# Possible reasons:
#   The system is out of physical RAM or swap space
#   In 32 bit mode, the process size limit was hit
# Possible solutions:
#   Reduce memory load on the system
#   Increase physical memory or swap space
#   Check if swap backing store is full
#   Use 64 bit Java on a 64 bit OS
#   Decrease Java heap size (-Xmx/-Xms)
#   Decrease number of Java threads
#   Decrease Java thread stack sizes (-Xss)
#   Set larger code cache with -XX:ReservedCodeCacheSize=
# This output file may be truncated or incomplete.
#
#  Out of Memory Error (memory/allocation.inline.hpp:61), pid=440, tid=0x0000000000003f40
#
# JRE version:  (8.0_144-b01) (build )
# Java VM: Java HotSpot(TM) 64-Bit Server VM (25.144-b01 mixed mode windows-amd64 compressed oops)
# Failed to write core dump. Minidumps are not enabled by default on client versions of Windows
#

---------------  T H R E A D  ---------------

Current thread (0x000000000273e000):  JavaThread "Unknown thread" [_thread_in_vm, id=16192, stack(0x0000000002590000,0x0000000002690000)]

Stack: [0x0000000002590000,0x0000000002690000]
[error occurred during error reporting (printing stack bounds), id 0xc0000005]

Native frames: (J=compiled Java code, j=interpreted, Vv=VM code, C=native code)


---------------  P R O C E S S  ---------------

Java Threads: ( => current thread )

Other Threads:

=>0x000000000273e000 (exited) JavaThread "Unknown thread" [_thread_in_vm, id=16192, stack(0x0000000002590000,0x0000000002690000)]

VM state:not at safepoint (normal execution)

VM Mutex/Monitor currently owned by a thread: None

Heap:
 PSYoungGen      total 37888K, used 655K [0x00000000d6200000, 0x00000000d8c00000, 0x0000000100000000)
  eden space 32768K, 2% used [0x00000000d6200000,0x00000000d62a3d80,0x00000000d8200000)
  from space 5120K, 0% used [0x00000000d8700000,0x00000000d8700000,0x00000000d8c00000)
  to   space 5120K, 0% used [0x00000000d8200000,0x00000000d8200000,0x00000000d8700000)
 ParOldGen       total 86016K, used 0K [0x0000000082600000, 0x0000000087a00000, 0x00000000d6200000)
  object space 86016K, 0% used [0x0000000082600000,0x0000000082600000,0x0000000087a00000)
 Metaspace       used 770K, capacity 4480K, committed 4480K, reserved 1056768K
  class space    used 75K, capacity 384K, committed 384K, reserved 1048576K

Card table byte_map: [0x0000000011d00000,0x00000000120f0000] byte_map_base: 0x00000000118ed000

Marking Bits: (ParMarkBitMap*) 0x0000000051e1d850
 Begin Bits: [0x0000000012b90000, 0x0000000014af8000)
 End Bits:   [0x0000000014af8000, 0x0000000016a60000)

Polling page: 0x00000000009b0000

CodeCache: size=245760Kb used=328Kb max_used=328Kb free=245431Kb
 bounds [0x0000000002940000, 0x0000000002bb0000, 0x0000000011940000]
 total_blobs=58 nmethods=0 adapters=38
 compilation: enabled

Compilation events (0 events):
No events

GC Heap History (0 events):
No events

Deoptimization events (0 events):
No events

Internal exceptions (0 events):
No events

Events (10 events):
Event: 0.020 loading class java/lang/Short
Event: 0.020 loading class java/lang/Short done
Event: 0.020 loading class java/lang/Integer
Event: 0.020 loading class java/lang/Integer done
Event: 0.020 loading class java/lang/Long
Event: 0.020 loading class java/lang/Long done
Event: 0.020 loading class java/lang/NullPointerException
Event: 0.020 loading class java/lang/NullPointerException done
Event: 0.020 loading class java/lang/ArithmeticException
Event: 0.020 loading class java/lang/ArithmeticException done


Dynamic libraries:
0x00007ff6904a0000 - 0x00007ff6904d7000 	C:\Program Files\Java\jdk1.8.0_144\bin\java.exe
0x00007ffc30c10000 - 0x00007ffc30dfd000 	C:\Windows\SYSTEM32\ntdll.dll
0x00007ffc2e230000 - 0x00007ffc2e2e3000 	C:\Windows\System32\KERNEL32.DLL
0x00007ffc2d540000 - 0x00007ffc2d7d5000 	C:\Windows\System32\KERNELBASE.dll
0x00007ffc30170000 - 0x00007ffc30213000 	C:\Windows\System32\ADVAPI32.dll
0x00007ffc2e2f0000 - 0x00007ffc2e38e000 	C:\Windows\System32\msvcrt.dll
0x00007ffc2de40000 - 0x00007ffc2dede000 	C:\Windows\System32\sechost.dll
0x00007ffc309b0000 - 0x00007ffc30ad2000 	C:\Windows\System32\RPCRT4.dll
0x00007ffc30220000 - 0x00007ffc303b7000 	C:\Windows\System32\USER32.dll
0x00007ffc2d9c0000 - 0x00007ffc2d9e0000 	C:\Windows\System32\win32u.dll
0x00007ffc2ec40000 - 0x00007ffc2ec69000 	C:\Windows\System32\GDI32.dll
0x00007ffc2dc10000 - 0x00007ffc2dda9000 	C:\Windows\System32\gdi32full.dll
0x00007ffc2cd50000 - 0x00007ffc2cdf0000 	C:\Windows\System32\msvcp_win.dll
0x00007ffc2db10000 - 0x00007ffc2dc0a000 	C:\Windows\System32\ucrtbase.dll
0x00007ffc14c00000 - 0x00007ffc14e79000 	C:\Windows\WinSxS\amd64_microsoft.windows.common-controls_6595b64144ccf1df_6.0.17763.1158_none_de722d88534a897f\COMCTL32.dll
0x00007ffc2e390000 - 0x00007ffc2e6bc000 	C:\Windows\System32\combase.dll
0x00007ffc2ddb0000 - 0x00007ffc2de2e000 	C:\Windows\System32\bcryptPrimitives.dll
0x00007ffc30ae0000 - 0x00007ffc30b0e000 	C:\Windows\System32\IMM32.DLL
0x0000000052730000 - 0x0000000052802000 	C:\Program Files\Java\jdk1.8.0_144\jre\bin\msvcr100.dll
0x0000000051600000 - 0x0000000051e9d000 	C:\Program Files\Java\jdk1.8.0_144\jre\bin\server\jvm.dll
0x00007ffc2eb60000 - 0x00007ffc2eb68000 	C:\Windows\System32\PSAPI.DLL
0x00007ffc25d50000 - 0x00007ffc25d5a000 	C:\Windows\SYSTEM32\VERSION.dll
0x00007ffc169d0000 - 0x00007ffc169d9000 	C:\Windows\SYSTEM32\WSOCK32.dll
0x00007ffc29790000 - 0x00007ffc297b4000 	C:\Windows\SYSTEM32\WINMM.dll
0x00007ffc2ebd0000 - 0x00007ffc2ec3d000 	C:\Windows\System32\WS2_32.dll
0x00007ffc29760000 - 0x00007ffc2978d000 	C:\Windows\SYSTEM32\WINMMBASE.dll
0x00007ffc2ccd0000 - 0x00007ffc2cd1a000 	C:\Windows\System32\cfgmgr32.dll
0x0000000052720000 - 0x000000005272f000 	C:\Program Files\Java\jdk1.8.0_144\jre\bin\verify.dll
0x00000000526f0000 - 0x0000000052719000 	C:\Program Files\Java\jdk1.8.0_144\jre\bin\java.dll
0x0000000052670000 - 0x0000000052693000 	C:\Program Files\Java\jdk1.8.0_144\jre\bin\instrument.dll
0x00000000523b0000 - 0x00000000523c6000 	C:\Program Files\Java\jdk1.8.0_144\jre\bin\zip.dll

VM Arguments:
jvm_args: -Dmaven.multiModuleProjectDirectory=D:\workspaces\cloud\cloud-provider-payment8003 -Dmaven.home=D:\maven\apache-maven-3.3.9 -Dclassworlds.conf=D:\maven\apache-maven-3.3.9\bin\m2.conf -Dmaven.ext.class.path=D:\IntelliJ IDEA 2019.3.3\plugins\maven\lib\maven-event-listener.jar -javaagent:D:\IntelliJ IDEA 2019.3.3\lib\idea_rt.jar=64315:D:\IntelliJ IDEA 2019.3.3\bin -Dfile.encoding=UTF-8 
java_command: org.codehaus.classworlds.Launcher -Didea.version2019.3.3 -s D:\maven\apache-maven-3.3.9\conf\settings.xml -DskipTests=true clean
java_class_path (initial): D:\maven\apache-maven-3.3.9\boot\plexus-classworlds-2.5.2.jar;D:\IntelliJ IDEA 2019.3.3\lib\idea_rt.jar
Launcher Type: SUN_STANDARD

Environment Variables:
JAVA_HOME=C:\Program Files\Java\jdk1.8.0_144
CLASSPATH=.;C:\Program Files\Java\jdk1.8.0_144\bin;C:\Program Files\Java\jdk1.8.0_144\lib\dt.jar;C:\Program Files\Java\jdk1.8.0_144\lib\tools.jar
PATH=C:\Program Files (x86)\NetSarang\Xftp 6\;D:\;"C:\Windows\system32;C:\Windows;C:\Windows\System32\Wbem;C:\Windows\System32\WindowsPowerShell\v1.0\;C:\Windows\System32\OpenSSH\;C:\Program Files\Intel\WiFi\bin\;C:\Program Files\Common Files\Intel\WirelessCommon\;C:\Program Files (x86)\NVIDIA Corporation\Ph";C:\Program Files\Java\jdk1.8.0_144\bin;C:\Program Files\Java\jdk1.8.0_144\jre\bin;D:\maven\apache-maven-3.3.9\bin\;D:\Git\bin;D:\mysql-5.6.35-winx64\bin;C:\windows\system32\;C:\Windows\system32;C:\Windows;C:\Windows\System32\Wbem;D:\tomcat\apache-tomcat-8.0.9\bin;C:\Users\root\AppData\Local\Microsoft\WindowsApps;
USERNAME=root
OS=Windows_NT
PROCESSOR_IDENTIFIER=Intel64 Family 6 Model 142 Stepping 12, GenuineIntel



---------------  S Y S T E M  ---------------

OS: Windows 10.0 , 64 bit Build 17763 (10.0.17763.1158)

CPU:total 8 (initial active 8) (4 cores per cpu, 2 threads per core) family 6 model 142 stepping 12, cmov, cx8, fxsr, mmx, sse, sse2, sse3, ssse3, sse4.1, sse4.2, popcnt, avx, avx2, aes, clmul, erms, 3dnowpref, lzcnt, ht, tsc, tscinvbit, bmi1, bmi2, adx

Memory: 4k page, physical 8230644k(525744k free), swap 18716400k(5292k free)

vm_info: Java HotSpot(TM) 64-Bit Server VM (25.144-b01) for windows-amd64 JRE (1.8.0_144-b01), built on Jul 21 2017 21:57:33 by "java_re" with MS VC++ 10.0 (VS2010)

time: Tue May 12 21:40:44 2020
elapsed time: 0 seconds (0d 0h 0m 0s)

